This is pdfTeX, Version 3.1415926-1.40.10 (TeX Live 2009/Debian) (format=pdflatex 2011.5.3)  13 JUL 2011 22:33
entering extended mode
 %&-line parsing enabled.
**/home/daniel/Desktop/Programming/LaTeX/handy_computer_shortcuts.tex
(/home/daniel/Desktop/Programming/LaTeX/handy_computer_shortcuts.tex
LaTeX2e <2009/09/24>
Babel <v3.8l> and hyphenation patterns for english, usenglishmax, dumylang, noh
yphenation, loaded.
(/usr/share/texmf-texlive/tex/latex/base/article.cls
Document Class: article 2007/10/19 v1.4h Standard LaTeX document class
(/usr/share/texmf-texlive/tex/latex/base/size10.clo
File: size10.clo 2007/10/19 v1.4h Standard LaTeX file (size option)
)
\c@part=\count79
\c@section=\count80
\c@subsection=\count81
\c@subsubsection=\count82
\c@paragraph=\count83
\c@subparagraph=\count84
\c@figure=\count85
\c@table=\count86
\abovecaptionskip=\skip41
\belowcaptionskip=\skip42
\bibindent=\dimen102
)
(/usr/share/texmf-texlive/tex/latex/multirow/multirow.sty
\bigstrutjot=\dimen103
)
(./handy_computer_shortcuts.aux)
\openout1 = `handy_computer_shortcuts.aux'.

LaTeX Font Info:    Checking defaults for OML/cmm/m/it on input line 6.
LaTeX Font Info:    ... okay on input line 6.
LaTeX Font Info:    Checking defaults for T1/cmr/m/n on input line 6.
LaTeX Font Info:    ... okay on input line 6.
LaTeX Font Info:    Checking defaults for OT1/cmr/m/n on input line 6.
LaTeX Font Info:    ... okay on input line 6.
LaTeX Font Info:    Checking defaults for OMS/cmsy/m/n on input line 6.
LaTeX Font Info:    ... okay on input line 6.
LaTeX Font Info:    Checking defaults for OMX/cmex/m/n on input line 6.
LaTeX Font Info:    ... okay on input line 6.
LaTeX Font Info:    Checking defaults for U/cmr/m/n on input line 6.
LaTeX Font Info:    ... okay on input line 6.
LaTeX Font Info:    External font `cmex10' loaded for size
(Font)              <7> on input line 23.
LaTeX Font Info:    External font `cmex10' loaded for size
(Font)              <5> on input line 23.

Underfull \hbox (badness 10000) in paragraph at lines 25--25
[]\OT1/cmr/bx/n/10 What it
 []


Underfull \hbox (badness 1796) in paragraph at lines 27--27
[]\OT1/cmr/m/n/10 Takes a se-
 []


Underfull \hbox (badness 1694) in paragraph at lines 27--27
\OT1/cmr/m/n/10 of text and
 []


Underfull \hbox (badness 10000) in paragraph at lines 27--27
\OT1/cmr/m/n/10 stores it
 []


Underfull \hbox (badness 3635) in paragraph at lines 27--27
\OT1/cmr/m/n/10 to later be
 []

! Missing number, treated as zero.
<to be read again> 
                   p
l.27 ...ce that you'll type a letter incorrectly!}
                                                   \\
? 
! Illegal unit of measure (pt inserted).
<to be read again> 
                   p
l.27 ...ce that you'll type a letter incorrectly!}
                                                   \\
? 

Overfull \hbox (23.33339pt too wide) in paragraph at lines 27--27
[]\OT1/cmr/m/n/10 p3cm 
 []


Overfull \hbox (7.50002pt too wide) in paragraph at lines 27--27
[]|\OT1/cmr/m/n/10 A 
 []


Overfull \hbox (25.30562pt too wide) in paragraph at lines 27--27
\OT1/cmr/m/n/10 friend 
 []


Overfull \hbox (17.83336pt too wide) in paragraph at lines 27--27
\OT1/cmr/m/n/10 tells 
 []


Overfull \hbox (15.5556pt too wide) in paragraph at lines 27--27
\OT1/cmr/m/n/10 you 
 []


Overfull \hbox (8.88892pt too wide) in paragraph at lines 27--27
\OT1/cmr/m/n/10 to 
 []


Overfull \hbox (19.16672pt too wide) in paragraph at lines 27--27
\OT1/cmr/m/n/10 type 
 []


Overfull \hbox (13.88892pt too wide) in paragraph at lines 27--27
\OT1/cmr/m/n/10 the 
 []


Overfull \hbox (14.1667pt too wide) in paragraph at lines 27--27
\OT1/cmr/m/n/10 fol- 
 []


Overfull \hbox (18.05557pt too wide) in paragraph at lines 27--27
\OT1/cmr/m/n/10 low- 
 []


Overfull \hbox (13.33337pt too wide) in paragraph at lines 27--27
\OT1/cmr/m/n/10 ing 
 []


Overfull \hbox (16.94449pt too wide) in paragraph at lines 27--27
\OT1/cmr/m/n/10 into 
 []


Overfull \hbox (19.47227pt too wide) in paragraph at lines 27--27
\OT1/cmr/m/n/10 your 
 []


Overfull \hbox (16.94446pt too wide) in paragraph at lines 27--27
\OT1/cmr/m/n/10 web 
 []


Overfull \hbox (36.50005pt too wide) in paragraph at lines 27--27
\OT1/cmr/m/n/10 browser: 
 []


Overfull \hbox (114.19472pt too wide) in paragraph at lines 27--27
\OT1/cmr/m/n/10 http://www.wikipedia.org 
 []


Overfull \hbox (30.16672pt too wide) in paragraph at lines 27--27
\OT1/cmr/m/n/10 Rather 
 []


Overfull \hbox (20.00006pt too wide) in paragraph at lines 27--27
\OT1/cmr/m/n/10 than 
 []


Overfull \hbox (19.16672pt too wide) in paragraph at lines 27--27
\OT1/cmr/m/n/10 type 
 []


Overfull \hbox (10.55559pt too wide) in paragraph at lines 27--27
\OT1/cmr/m/n/10 all 
 []


Overfull \hbox (10.00003pt too wide) in paragraph at lines 27--27
\OT1/cmr/m/n/10 24 
 []


Overfull \hbox (21.97224pt too wide) in paragraph at lines 27--27
\OT1/cmr/m/n/10 char- 
 []


Overfull \hbox (12.77779pt too wide) in paragraph at lines 27--27
\OT1/cmr/m/n/10 ac- 
 []


Overfull \hbox (16.19446pt too wide) in paragraph at lines 27--27
\OT1/cmr/m/n/10 ters 
 []


Overfull \hbox (11.66669pt too wide) in paragraph at lines 27--27
\OT1/cmr/m/n/10 in- 
 []


Overfull \hbox (11.66669pt too wide) in paragraph at lines 27--27
\OT1/cmr/m/n/10 di- 
 []


Overfull \hbox (16.94449pt too wide) in paragraph at lines 27--27
\OT1/cmr/m/n/10 vid- 
 []


Overfull \hbox (8.8889pt too wide) in paragraph at lines 27--27
\OT1/cmr/m/n/10 u- 
 []


Overfull \hbox (17.77783pt too wide) in paragraph at lines 27--27
\OT1/cmr/m/n/10 ally, 
 []


Overfull \hbox (15.5556pt too wide) in paragraph at lines 27--27
\OT1/cmr/m/n/10 you 
 []


Overfull \hbox (22.22227pt too wide) in paragraph at lines 27--27
\OT1/cmr/m/n/10 high- 
 []


Overfull \hbox (19.72227pt too wide) in paragraph at lines 27--27
\OT1/cmr/m/n/10 light 
 []


Overfull \hbox (13.88892pt too wide) in paragraph at lines 27--27
\OT1/cmr/m/n/10 the 
 []


Overfull \hbox (17.50005pt too wide) in paragraph at lines 27--27
\OT1/cmr/m/n/10 text 
 []


Overfull \hbox (16.11116pt too wide) in paragraph at lines 27--27
\OT1/cmr/m/n/10 and 
 []


Overfull \hbox (22.77783pt too wide) in paragraph at lines 27--27
\OT1/cmr/m/n/10 Copy 
 []


Overfull \hbox (6.66669pt too wide) in paragraph at lines 27--27
\OT1/cmr/m/n/10 it 
 []


Overfull \hbox (19.44449pt too wide) in paragraph at lines 27--27
\OT1/cmr/m/n/10 with 
 []


Overfull \hbox (17.80559pt too wide) in paragraph at lines 27--27
\OT1/cmr/m/n/10 Ctrl 
 []


Overfull \hbox (7.7778pt too wide) in paragraph at lines 27--27
\OT1/cmr/m/n/10 + 
 []


Overfull \hbox (10.00002pt too wide) in paragraph at lines 27--27
\OT1/cmr/m/n/10 C, 
 []


Overfull \hbox (19.44449pt too wide) in paragraph at lines 27--27
\OT1/cmr/m/n/10 then 
 []


Overfull \hbox (23.80559pt too wide) in paragraph at lines 27--27
\OT1/cmr/m/n/10 Paste 
 []


Overfull \hbox (6.66669pt too wide) in paragraph at lines 27--27
\OT1/cmr/m/n/10 it 
 []


Overfull \hbox (16.94449pt too wide) in paragraph at lines 27--27
\OT1/cmr/m/n/10 into 
 []


Overfull \hbox (13.88892pt too wide) in paragraph at lines 27--27
\OT1/cmr/m/n/10 the 
 []


Overfull \hbox (33.72226pt too wide) in paragraph at lines 27--27
\OT1/cmr/m/n/10 browser 
 []


Overfull \hbox (19.44449pt too wide) in paragraph at lines 27--27
\OT1/cmr/m/n/10 with 
 []


Overfull \hbox (17.80559pt too wide) in paragraph at lines 27--27
\OT1/cmr/m/n/10 Ctrl 
 []


Overfull \hbox (7.7778pt too wide) in paragraph at lines 27--27
\OT1/cmr/m/n/10 + 
 []


Overfull \hbox (10.2778pt too wide) in paragraph at lines 27--27
\OT1/cmr/m/n/10 V. 
 []


Overfull \hbox (5.00002pt too wide) in paragraph at lines 27--27
\OT1/cmr/m/n/10 4 
 []


Overfull \hbox (44.86119pt too wide) in paragraph at lines 27--27
\OT1/cmr/m/n/10 keystrokes 
 []


Overfull \hbox (11.66669pt too wide) in paragraph at lines 27--27
\OT1/cmr/m/n/10 in- 
 []


Overfull \hbox (22.83337pt too wide) in paragraph at lines 27--27
\OT1/cmr/m/n/10 stead 
 []


Overfull \hbox (8.05559pt too wide) in paragraph at lines 27--27
\OT1/cmr/m/n/10 of 
 []


Overfull \hbox (12.77782pt too wide) in paragraph at lines 27--27
\OT1/cmr/m/n/10 24, 
 []


Overfull \hbox (16.11116pt too wide) in paragraph at lines 27--27
\OT1/cmr/m/n/10 and 
 []


Overfull \hbox (28.97226pt too wide) in paragraph at lines 27--27
\OT1/cmr/m/n/10 there's 
 []


Overfull \hbox (10.55559pt too wide) in paragraph at lines 27--27
\OT1/cmr/m/n/10 no 
 []


Overfull \hbox (29.1667pt too wide) in paragraph at lines 27--27
\OT1/cmr/m/n/10 chance 
 []


Overfull \hbox (18.33339pt too wide) in paragraph at lines 27--27
\OT1/cmr/m/n/10 that 
 []


Overfull \hbox (23.88896pt too wide) in paragraph at lines 27--27
\OT1/cmr/m/n/10 you'll 
 []


Overfull \hbox (19.16672pt too wide) in paragraph at lines 27--27
\OT1/cmr/m/n/10 type 
 []


Overfull \hbox (5.00002pt too wide) in paragraph at lines 27--27
\OT1/cmr/m/n/10 a 
 []


Overfull \hbox (14.44446pt too wide) in paragraph at lines 27--27
\OT1/cmr/m/n/10 let- 
 []


Overfull \hbox (12.25002pt too wide) in paragraph at lines 27--27
\OT1/cmr/m/n/10 ter 
 []


Overfull \hbox (49.22232pt too wide) in paragraph at lines 27--27
\OT1/cmr/m/n/10 incorrectly!|  
 []


Overfull \vbox (790.04448pt too high) detected at line 27
 []


Underfull \hbox (badness 10000) in paragraph at lines 28--28
[]\OT1/cmr/m/n/10 After some
 []


Underfull \hbox (badness 10000) in paragraph at lines 28--28
\OT1/cmr/m/n/10 text has
 []


Underfull \hbox (badness 10000) in paragraph at lines 28--28
\OT1/cmr/m/n/10 rewrite, in
 []


Underfull \hbox (badness 10000) in paragraph at lines 28--28
\OT1/cmr/m/n/10 a man-ner
 []


Underfull \hbox (badness 10000) in paragraph at lines 28--28
\OT1/cmr/m/n/10 of speak-
 []


Underfull \hbox (badness 10000) in paragraph at lines 28--28
\OT1/cmr/m/n/10 ing, that
 []


Underfull \hbox (badness 10000) in paragraph at lines 28--28
\OT1/cmr/m/n/10 text be-side
 []


Underfull \hbox (badness 10000) in paragraph at lines 28--28
\OT1/cmr/m/n/10 the cur-
 []


Underfull \hbox (badness 10000) in paragraph at lines 30--30
[]\OT1/cmr/m/n/10 In most
 []


Underfull \hbox (badness 1540) in paragraph at lines 30--30
\OT1/cmr/m/n/10 to the next
 []


Underfull \hbox (badness 10000) in paragraph at lines 30--30
\OT1/cmr/m/n/10 avail-able
 []


Underfull \hbox (badness 5519) in paragraph at lines 30--30
\OT1/cmr/m/n/10 when fill-ing
 []


Underfull \hbox (badness 10000) in paragraph at lines 30--31
[]\OT1/cmr/m/n/10 You want
 []


Underfull \hbox (badness 10000) in paragraph at lines 30--31
\OT1/cmr/m/n/10 to fill out
 []


Underfull \hbox (badness 10000) in paragraph at lines 30--31
\OT1/cmr/m/n/10 gov-ern-ment
 []


Underfull \hbox (badness 10000) in paragraph at lines 30--31
\OT1/cmr/m/n/10 pa-per-
 []


Underfull \hbox (badness 5446) in paragraph at lines 30--31
\OT1/cmr/m/n/10 work on-line
 []


Overfull \hbox (8.92793pt too wide) in paragraph at lines 30--31
\OT1/cmr/m/n/10 [MOREPRAC-
 []


Underfull \hbox (badness 10000) in paragraph at lines 30--31
\OT1/cmr/m/n/10 TI-CAL!].
 []


Underfull \hbox (badness 10000) in paragraph at lines 30--31
\OT1/cmr/m/n/10 This pa-
 []


Underfull \hbox (badness 10000) in paragraph at lines 30--31
\OT1/cmr/m/n/10 per-work
 []


Underfull \hbox (badness 10000) in paragraph at lines 30--31
\OT1/cmr/m/n/10 in-cludes
 []


Underfull \hbox (badness 10000) in paragraph at lines 30--31
\OT1/cmr/m/n/10 fields that
 []


Underfull \hbox (badness 10000) in paragraph at lines 30--31
\OT1/cmr/m/n/10 ask for
 []


Underfull \hbox (badness 10000) in paragraph at lines 30--31
\OT1/cmr/m/n/10 your name,
 []


Underfull \hbox (badness 10000) in paragraph at lines 30--31
\OT1/cmr/m/n/10 ad-dress,
 []


Underfull \hbox (badness 1371) in paragraph at lines 30--31
\OT1/cmr/m/n/10 and a large
 []


Underfull \hbox (badness 10000) in paragraph at lines 30--31
\OT1/cmr/m/n/10 amount
 []


Underfull \hbox (badness 10000) in paragraph at lines 30--31
\OT1/cmr/m/n/10 of other
 []


Underfull \hbox (badness 10000) in paragraph at lines 30--31
\OT1/cmr/m/n/10 per-sonal
 []


Underfull \hbox (badness 10000) in paragraph at lines 30--31
\OT1/cmr/m/n/10 in-for-ma-tion.
 []


Underfull \hbox (badness 10000) in paragraph at lines 30--31
\OT1/cmr/m/n/10 in-put field
 []


Underfull \hbox (badness 10000) in paragraph at lines 30--31
\OT1/cmr/m/n/10 in-di-vid-u-ally,
 []


Underfull \hbox (badness 10000) in paragraph at lines 30--31
\OT1/cmr/m/n/10 for each
 []


Underfull \hbox (badness 10000) in paragraph at lines 30--31
\OT1/cmr/m/n/10 item, you
 []


Underfull \hbox (badness 10000) in paragraph at lines 30--31
\OT1/cmr/m/n/10 next item.
 []


Underfull \hbox (badness 10000) in paragraph at lines 30--31
\OT1/cmr/m/n/10 When you
 []


Underfull \hbox (badness 10000) in paragraph at lines 30--31
\OT1/cmr/m/n/10 just press
 []


Underfull \hbox (badness 10000) in paragraph at lines 31--31
[]\OT1/cmr/m/n/10 Jump to
 []


Underfull \hbox (badness 10000) in paragraph at lines 33--33
\OT1/cmr/m/n/10 first item
 []


Underfull \hbox (badness 10000) in paragraph at lines 33--33
\OT1/cmr/m/n/10 you click,
 []


Underfull \hbox (badness 10000) in paragraph at lines 33--33
\OT1/cmr/m/n/10 ev-ery item
 []


Underfull \hbox (badness 1845) in paragraph at lines 33--34
[]\OT1/cmr/m/n/10 While copy-
 []


Underfull \hbox (badness 10000) in paragraph at lines 33--34
\OT1/cmr/m/n/10 ing pho-tos
 []


Underfull \hbox (badness 10000) in paragraph at lines 33--34
\OT1/cmr/m/n/10 from your
 []


Underfull \hbox (badness 2213) in paragraph at lines 33--34
\OT1/cmr/m/n/10 dig-i-tal cam-
 []


Underfull \hbox (badness 1661) in paragraph at lines 33--34
\OT1/cmr/m/n/10 era to your
 []


Underfull \hbox (badness 10000) in paragraph at lines 33--34
\OT1/cmr/m/n/10 desk-top,
 []


Underfull \hbox (badness 10000) in paragraph at lines 33--34
\OT1/cmr/m/n/10 you want
 []


Underfull \hbox (badness 10000) in paragraph at lines 33--34
\OT1/cmr/m/n/10 ex-am-ple)
 []


Underfull \hbox (badness 10000) in paragraph at lines 33--34
\OT1/cmr/m/n/10 the 21^st -
 []


Underfull \hbox (badness 10000) in paragraph at lines 33--34
\OT1/cmr/m/n/10 from your
 []


Underfull \hbox (badness 10000) in paragraph at lines 33--34
\OT1/cmr/m/n/10 cam-era to
 []


Underfull \hbox (badness 10000) in paragraph at lines 33--34
\OT1/cmr/m/n/10 21^st item,
 []


Underfull \hbox (badness 10000) in paragraph at lines 33--34
\OT1/cmr/m/n/10 hold \OT1/cmr/m/it/10 shift\OT1/cmr/m/n/10 ,
 []


Underfull \hbox (badness 10000) in paragraph at lines 33--34
\OT1/cmr/m/n/10 then click
 []


Underfull \hbox (badness 10000) in paragraph at lines 33--34
\OT1/cmr/m/n/10 the 32^nd
 []


Underfull \hbox (badness 1005) in paragraph at lines 33--34
\OT1/cmr/m/n/10 item. Now
 []


Underfull \hbox (badness 10000) in paragraph at lines 33--34
\OT1/cmr/m/n/10 and paste
 []


Underfull \hbox (badness 10000) in paragraph at lines 33--34
\OT1/cmr/m/n/10 them to
 []


Underfull \hbox (badness 4699) in paragraph at lines 33--34
\OT1/cmr/m/n/10 the desk-top
 []


Underfull \hbox (badness 5519) in paragraph at lines 33--34
\OT1/cmr/m/n/10 quickly and
 []


Underfull \hbox (badness 8000) in paragraph at lines 34--34
\OT1/cmr/m/n/10 ple in-di-vid-
 []


Underfull \hbox (badness 10000) in paragraph at lines 34--35
[]\OT1/cmr/m/n/10 After se-
 []


Underfull \hbox (badness 10000) in paragraph at lines 34--35
\OT1/cmr/m/n/10 lect-ing the
 []


Underfull \hbox (badness 1360) in paragraph at lines 34--35
\OT1/cmr/m/n/10 21^st - 32^nd
 []


Underfull \hbox (badness 1742) in paragraph at lines 34--35
\OT1/cmr/m/n/10 pho-tos from
 []


Underfull \hbox (badness 10000) in paragraph at lines 34--35
\OT1/cmr/m/n/10 you de-cide
 []


Underfull \hbox (badness 10000) in paragraph at lines 34--35
\OT1/cmr/m/n/10 you don't
 []


Underfull \hbox (badness 10000) in paragraph at lines 34--35
\OT1/cmr/m/it/10 Ctrl \OT1/cmr/m/n/10 and
 []


Underfull \hbox (badness 7814) in paragraph at lines 34--35
\OT1/cmr/m/it/10 Click \OT1/cmr/m/n/10 items
 []


Underfull \hbox (badness 3942) in paragraph at lines 34--35
\OT1/cmr/m/n/10 27 and 31.
 []


Underfull \hbox (badness 10000) in paragraph at lines 34--35
\OT1/cmr/m/n/10 Now items
 []


Underfull \hbox (badness 10000) in paragraph at lines 36--36
[]\OT1/cmr/m/n/10 Move for-ward/backward
 []

! Missing $ inserted.
<inserted text> 
                $
l.36 ...ackward by word & \emph{Ctrl +} \Leftarrow
                                                   or \Rightarrow & Moves th...

? 
! Missing $ inserted.
<inserted text> 
                $
l.36 ... \emph{Ctrl +} \Leftarrow or \Rightarrow &
                                                   Moves the cursor forward ...

? 

Underfull \hbox (badness 10000) in paragraph at lines 36--36
[]\OT1/cmr/m/n/10 Moves the
 []


Underfull \hbox (badness 10000) in paragraph at lines 36--36
\OT1/cmr/m/n/10 cur-sor for-
 []


Underfull \hbox (badness 10000) in paragraph at lines 36--36
\OT1/cmr/m/n/10 ward one
 []


Underfull \hbox (badness 10000) in paragraph at lines 36--36
\OT1/cmr/m/n/10 than the
 []


Underfull \hbox (badness 10000) in paragraph at lines 36--36
\OT1/cmr/m/n/10 usual one
 []

! Missing $ inserted.
<inserted text> 
                $
l.36 ...ting), you press \emph{Ctrl +} \Rightarrow
                                                   3 times and \Rightarrow o...

? 

LaTeX Warning: Command \^ invalid in math mode on input line 36.

! Please use \mathaccent for accents in math mode.
\add@accent ...@spacefactor \spacefactor }\accent 
                                                  #1 #2\egroup \spacefactor ...
l.36 ... text. 4 key presses versus 24 - 1/6\^{th}
                                                   the typing! \\
? 
! You can't use `\spacefactor' in math mode.
\add@accent ...}\accent #1 #2\egroup \spacefactor 
                                                  \accent@spacefactor 
l.36 ... text. 4 key presses versus 24 - 1/6\^{th}
                                                   the typing! \\
? 
! Missing $ inserted.
<inserted text> 
                $
l.37     H
          ighlight forward/backward by word & \emph{Ctrl + Shift +} \Leftarr...

? 
Missing character: There is no è in font cmex10!

Underfull \hbox (badness 10000) in paragraph at lines 36--37
[]\OT1/cmr/m/n/10 As you
 []


Underfull \hbox (badness 2245) in paragraph at lines 36--37
\OT1/cmr/m/n/10 type up an
 []


Underfull \hbox (badness 5939) in paragraph at lines 36--37
\OT1/cmr/m/n/10 email to a
 []


Underfull \hbox (badness 10000) in paragraph at lines 36--37
\OT1/cmr/m/n/10 friend, you
 []


Underfull \hbox (badness 10000) in paragraph at lines 36--37
\OT1/cmr/m/n/10 en-counter
 []


Underfull \hbox (badness 10000) in paragraph at lines 36--37
\OT1/cmr/m/n/10 the phrase,
 []


Underfull \hbox (badness 10000) in paragraph at lines 36--37
\OT1/cmr/m/n/10 "I ate ex-
 []


Underfull \hbox (badness 10000) in paragraph at lines 36--37
\OT1/cmr/m/n/10 tremely
 []


Underfull \hbox (badness 10000) in paragraph at lines 36--37
\OT1/cmr/m/n/10 de-li-cious
 []


Underfull \hbox (badness 10000) in paragraph at lines 36--37
\OT1/cmr/m/n/10 pizza."
 []


Underfull \hbox (badness 10000) in paragraph at lines 36--37
\OT1/cmr/m/n/10 You want
 []


Underfull \hbox (badness 10000) in paragraph at lines 36--37
\OT1/cmr/m/n/10 to change
 []


Underfull \hbox (badness 10000) in paragraph at lines 36--37
\OT1/cmr/m/n/10 'pizza' to
 []


Underfull \hbox (badness 10000) in paragraph at lines 36--37
\OT1/cmr/m/n/10 'mac-a-roni',
 []


Underfull \hbox (badness 10000) in paragraph at lines 36--37
\OT1/cmr/m/n/10 but the
 []


Underfull \hbox (badness 10000) in paragraph at lines 36--37
\OT1/cmr/m/n/10 cur-sor is
 []


Underfull \hbox (badness 10000) in paragraph at lines 36--37
\OT1/cmr/m/n/10 cur-rently
 []


Underfull \hbox (badness 10000) in paragraph at lines 36--37
\OT1/cmr/m/n/10 po-si-tioned
 []


Underfull \hbox (badness 6332) in paragraph at lines 36--37
\OT1/cmr/m/n/10 to the left
 []


Underfull \hbox (badness 10000) in paragraph at lines 36--37
\OT1/cmr/m/n/10 than press
 []


Underfull \hbox (badness 10000) in paragraph at lines 36--37
\OT1/cmr/m/n/10 (or hold-
 []


Underfull \hbox (badness 7595) in paragraph at lines 36--37
\OT1/cmr/m/n/10 ing it and
 []


Underfull \hbox (badness 10000) in paragraph at lines 36--37
\OT1/cmr/m/n/10 wait-ing),
 []


Underfull \hbox (badness 10000) in paragraph at lines 36--37
\OT1/cmr/m/n/10 you press
 []


Underfull \hbox (badness 10000) in paragraph at lines 36--37
\OT1/cmr/m/it/10 Ctrl + $\OMS/cmsy/m/n/10 )
 []


Overfull \hbox (2.54549pt too wide) in paragraph at lines 36--37
\OT1/cmr/m/n/10 3\OML/cmm/m/it/10 timesand \OMS/cmsy/m/n/10 )
 []


Overfull \hbox (221.42174pt too wide) in paragraph at lines 36--37
\OML/cmm/m/it/10 onceandarriveatthesameplaceinthetext:\OT1/cmr/m/n/10 4\OML/cmm
/m/it/10 keypressesversus\OT1/cmr/m/n/10 24 \OMS/cmsy/m/n/10 ^^@
 []


Overfull \hbox (12.75389pt too wide) in paragraph at lines 36--37
\OT1/cmr/m/n/10 1\OML/cmm/m/it/10 =\OT1/cmr/m/n/10 6[]\OML/cmm/m/it/10 thetypin
g\OT1/cmr/m/n/10 ![]|$ 
 []


Underfull \hbox (badness 10000) in paragraph at lines 37--37
[]\OT1/cmr/m/n/10 Highlight for-
 []

! Missing $ inserted.
<inserted text> 
                $
l.37 ...by word & \emph{Ctrl + Shift +} \Leftarrow
                                                   or \Rightarrow &  & \\
? 
! Missing $ inserted.
<inserted text> 
                $
l.37 ...trl + Shift +} \Leftarrow or \Rightarrow &
                                                    & \\
? 

Underfull \hbox (badness 10000) in paragraph at lines 39--39
[]\OT1/cmr/m/n/10 Move the
 []


Underfull \hbox (badness 7595) in paragraph at lines 39--39
\OT1/cmr/m/n/10 the line it
 []


Underfull \hbox (badness 10000) in paragraph at lines 39--39
\OT1/cmr/m/n/10 is cur-rently
 []


Underfull \hbox (badness 10000) in paragraph at lines 39--39
\OT1/cmr/m/n/10 po-si-tioned
 []

! Missing $ inserted.
<inserted text> 
                $
l.39 ...alize "then." Rather than press \Leftarrow
                                                   around 50 times, or move ...

? 
! Missing $ inserted.
<inserted text> 
                $
l.40     M
          ove to end of line & \emph{End} & Move the cursor to the end of th...

? 

Underfull \hbox (badness 10000) in paragraph at lines 39--40
\OT1/cmr/m/n/10 email, you
 []


Underfull \hbox (badness 1082) in paragraph at lines 39--40
\OT1/cmr/m/n/10 start a new
 []


Underfull \hbox (badness 10000) in paragraph at lines 39--40
\OT1/cmr/m/n/10 line with
 []


Underfull \hbox (badness 10000) in paragraph at lines 39--40
\OT1/cmr/m/n/10 the words
 []


Underfull \hbox (badness 10000) in paragraph at lines 39--40
\OT1/cmr/m/n/10 went, af-ter
 []


Underfull \hbox (badness 1389) in paragraph at lines 39--40
\OT1/cmr/m/n/10 a long nap,
 []


Underfull \hbox (badness 10000) in paragraph at lines 39--40
\OT1/cmr/m/n/10 the-ater."
 []


Underfull \hbox (badness 3895) in paragraph at lines 39--40
\OT1/cmr/m/n/10 Your cur-sor
 []


Underfull \hbox (badness 10000) in paragraph at lines 39--40
\OT1/cmr/m/n/10 is cur-rently
 []


Underfull \hbox (badness 10000) in paragraph at lines 39--40
\OT1/cmr/m/n/10 you want
 []


Underfull \hbox (badness 10000) in paragraph at lines 39--40
\OT1/cmr/m/n/10 to re-move
 []


Underfull \hbox (badness 10000) in paragraph at lines 39--40
\OT1/cmr/m/n/10 "And" and
 []


Underfull \hbox (badness 10000) in paragraph at lines 39--40
\OT1/cmr/m/n/10 cap-i-tal-ize
 []


Underfull \hbox (badness 10000) in paragraph at lines 39--40
\OT1/cmr/m/n/10 "then."
 []


Underfull \hbox (badness 10000) in paragraph at lines 39--40
\OT1/cmr/m/n/10 press $\OMS/cmsy/m/n/10 (
 []


Overfull \hbox (443.24388pt too wide) in paragraph at lines 39--40
\OML/cmm/m/it/10 around\OT1/cmr/m/n/10 50\OML/cmm/m/it/10 times; ormoveyourhand
offthekeyboardtousethemouse; youpress[]oncetoarriveatthestartoftheline:[]|$ 
 []


Underfull \hbox (badness 10000) in paragraph at lines 40--40
[]\OT1/cmr/m/n/10 Move the
 []


Underfull \hbox (badness 5578) in paragraph at lines 40--40
\OT1/cmr/m/n/10 end of the
 []


Underfull \hbox (badness 10000) in paragraph at lines 40--41
[]\OT1/cmr/m/n/10 After mak-
 []


Underfull \hbox (badness 10000) in paragraph at lines 40--41
\OT1/cmr/m/n/10 ex-am-ple,
 []


Underfull \hbox (badness 10000) in paragraph at lines 40--41
\OT1/cmr/m/n/10 sen-tence.
 []


Underfull \hbox (badness 10000) in paragraph at lines 40--41
\OT1/cmr/m/n/10 Rather
 []


Underfull \hbox (badness 10000) in paragraph at lines 40--41
\OT1/cmr/m/n/10 arrow-over
 []


Underfull \hbox (badness 10000) in paragraph at lines 40--41
\OT1/cmr/m/n/10 key-board
 []


Underfull \hbox (badness 6658) in paragraph at lines 40--41
\OT1/cmr/m/n/10 to use the
 []


Underfull \hbox (badness 5563) in paragraph at lines 40--41
\OT1/cmr/m/n/10 mouse, you
 []


Underfull \hbox (badness 10000) in paragraph at lines 40--41
\OT1/cmr/m/n/10 press \OT1/cmr/m/it/10 End
 []


Underfull \hbox (badness 6842) in paragraph at lines 40--41
\OT1/cmr/m/n/10 and re-sume
 []


Underfull \hbox (badness 10000) in paragraph at lines 42--42
[]\OT1/cmr/m/n/10 From the
 []


Underfull \hbox (badness 10000) in paragraph at lines 42--42
\OT1/cmr/m/n/10 cur-sor's
 []


Underfull \hbox (badness 10000) in paragraph at lines 42--42
\OT1/cmr/m/n/10 cur-rent
 []


Underfull \hbox (badness 10000) in paragraph at lines 42--42
\OT1/cmr/m/n/10 po-si-tion,
 []


Underfull \hbox (badness 10000) in paragraph at lines 42--42
\OT1/cmr/m/n/10 high-light
 []


Underfull \hbox (badness 10000) in paragraph at lines 42--42
\OT1/cmr/m/n/10 ev-ery-thing
 []


Underfull \hbox (badness 10000) in paragraph at lines 42--42
\OT1/cmr/m/n/10 mov-ing left
 []


Underfull \hbox (badness 2245) in paragraph at lines 42--42
\OT1/cmr/m/n/10 ning of the
 []


Underfull \hbox (badness 10000) in paragraph at lines 42--43
[]\OT1/cmr/m/n/10 After you
 []


Underfull \hbox (badness 10000) in paragraph at lines 42--43
\OT1/cmr/m/n/10 type in a
 []


Underfull \hbox (badness 6125) in paragraph at lines 42--43
\OT1/cmr/m/n/10 sen-tence on
 []


Underfull \hbox (badness 10000) in paragraph at lines 42--43
\OT1/cmr/m/n/10 your email,
 []


Underfull \hbox (badness 10000) in paragraph at lines 42--43
\OT1/cmr/m/n/10 you de-cide
 []


Underfull \hbox (badness 10000) in paragraph at lines 42--43
\OT1/cmr/m/n/10 to re-move
 []


Underfull \hbox (badness 10000) in paragraph at lines 42--43
\OT1/cmr/m/n/10 Just press
 []


Underfull \hbox (badness 10000) in paragraph at lines 42--43
\OT1/cmr/m/it/10 Shift +
 []


Underfull \hbox (badness 10000) in paragraph at lines 42--43
\OT1/cmr/m/it/10 Home \OT1/cmr/m/n/10 then
 []


Underfull \hbox (badness 10000) in paragraph at lines 42--43
\OT1/cmr/m/it/10 Backspace
 []


Underfull \hbox (badness 10000) in paragraph at lines 42--43
\OT1/cmr/m/n/10 and you're
 []


Underfull \hbox (badness 10000) in paragraph at lines 43--43
[]\OT1/cmr/m/n/10 Highlight,
 []


Underfull \hbox (badness 10000) in paragraph at lines 43--43
\OT1/cmr/m/n/10 from the
 []


Underfull \hbox (badness 10000) in paragraph at lines 43--43
\OT1/cmr/m/n/10 cur-sor's
 []


Underfull \hbox (badness 10000) in paragraph at lines 43--43
\OT1/cmr/m/n/10 po-si-tion,
 []


Underfull \hbox (badness 10000) in paragraph at lines 43--43
\OT1/cmr/m/n/10 ev-ery-thing
 []


Underfull \hbox (badness 10000) in paragraph at lines 43--43
\OT1/cmr/m/n/10 the cur-rent
 []


Underfull \hbox (badness 10000) in paragraph at lines 43--44
[]\OT1/cmr/m/n/10 You de-cide
 []


Underfull \hbox (badness 10000) in paragraph at lines 43--44
\OT1/cmr/m/n/10 to re-move
 []


Underfull \hbox (badness 10000) in paragraph at lines 43--44
\OT1/cmr/m/n/10 the first
 []


Underfull \hbox (badness 10000) in paragraph at lines 43--44
\OT1/cmr/m/n/10 sen-tence
 []


Underfull \hbox (badness 3312) in paragraph at lines 43--44
\OT1/cmr/m/n/10 in the first
 []


Underfull \hbox (badness 10000) in paragraph at lines 43--44
\OT1/cmr/m/n/10 para-graph
 []


Underfull \hbox (badness 10000) in paragraph at lines 43--44
\OT1/cmr/m/n/10 You nav-i-
 []


Underfull \hbox (badness 2050) in paragraph at lines 43--44
\OT1/cmr/m/n/10 gate to the
 []


Underfull \hbox (badness 10000) in paragraph at lines 43--44
\OT1/cmr/m/n/10 be-gin-ning
 []


Underfull \hbox (badness 3579) in paragraph at lines 43--44
\OT1/cmr/m/n/10 of the first
 []


Underfull \hbox (badness 10000) in paragraph at lines 43--44
\OT1/cmr/m/n/10 press \OT1/cmr/m/it/10 Shift
 []


Underfull \hbox (badness 1371) in paragraph at lines 43--44
\OT1/cmr/m/it/10 + End \OT1/cmr/m/n/10 and
 []


Underfull \hbox (badness 10000) in paragraph at lines 45--45
[]\OT1/cmr/m/n/10 Displays a
 []


Underfull \hbox (badness 4144) in paragraph at lines 45--45
\OT1/cmr/m/n/10 list of cur-
 []


Underfull \hbox (badness 7907) in paragraph at lines 45--45
\OT1/cmr/m/n/10 rently open
 []


Underfull \hbox (badness 10000) in paragraph at lines 45--45
\OT1/cmr/m/n/10 ap-pli-ca-tions.
 []


Underfull \hbox (badness 10000) in paragraph at lines 45--45
\OT1/cmr/m/n/10 fur-ther cy-
 []


Underfull \hbox (badness 10000) in paragraph at lines 45--45
\OT1/cmr/m/n/10 and, when
 []


Underfull \hbox (badness 10000) in paragraph at lines 45--45
\OT1/cmr/m/n/10 the cur-rent
 []


Underfull \hbox (badness 10000) in paragraph at lines 45--45
\OT1/cmr/m/n/10 ap-pli-ca-tion
 []


Underfull \hbox (badness 5217) in paragraph at lines 45--45
\OT1/cmr/m/n/10 to the one
 []


Underfull \hbox (badness 10000) in paragraph at lines 45--46
[]\OT1/cmr/m/n/10 You de-cide
 []


Underfull \hbox (badness 10000) in paragraph at lines 45--46
\OT1/cmr/m/n/10 to in-clude
 []


Underfull \hbox (badness 10000) in paragraph at lines 45--46
\OT1/cmr/m/n/10 a fa-mous
 []


Underfull \hbox (badness 10000) in paragraph at lines 45--46
\OT1/cmr/m/n/10 quote that
 []


Underfull \hbox (badness 10000) in paragraph at lines 45--46
\OT1/cmr/m/n/10 your email.
 []


Underfull \hbox (badness 10000) in paragraph at lines 45--46
\OT1/cmr/m/n/10 You pause
 []


Underfull \hbox (badness 10000) in paragraph at lines 45--46
\OT1/cmr/m/n/10 your email,
 []


Underfull \hbox (badness 10000) in paragraph at lines 45--46
\OT1/cmr/m/n/10 press \OT1/cmr/m/it/10 Alt
 []


Underfull \hbox (badness 10000) in paragraph at lines 45--46
\OT1/cmr/m/it/10 + Tab \OT1/cmr/m/n/10 to
 []


Underfull \hbox (badness 10000) in paragraph at lines 45--46
\OT1/cmr/m/n/10 se-lect your
 []


Underfull \hbox (badness 10000) in paragraph at lines 45--46
\OT1/cmr/m/n/10 browser,
 []


Underfull \hbox (badness 10000) in paragraph at lines 45--46
\OT1/cmr/m/n/10 se-lect and
 []


Underfull \hbox (badness 10000) in paragraph at lines 45--46
\OT1/cmr/m/it/10 Copy \OT1/cmr/m/n/10 the
 []


Underfull \hbox (badness 10000) in paragraph at lines 45--46
\OT1/cmr/m/n/10 your email,
 []


Underfull \hbox (badness 10000) in paragraph at lines 45--46
\OT1/cmr/m/n/10 and \OT1/cmr/m/it/10 Paste
 []


Underfull \hbox (badness 10000) in paragraph at lines 45--46
\OT1/cmr/m/n/10 the quote
 []


Underfull \hbox (badness 10000) in paragraph at lines 45--46
\OT1/cmr/m/n/10 into the
 []


Underfull \hbox (badness 1337) in paragraph at lines 45--46
\OT1/cmr/m/n/10 email. Or,
 []


Underfull \hbox (badness 10000) in paragraph at lines 45--46
\OT1/cmr/m/n/10 you de-cide
 []


Underfull \hbox (badness 10000) in paragraph at lines 45--46
\OT1/cmr/m/n/10 fer-ent song
 []


Underfull \hbox (badness 5504) in paragraph at lines 45--46
\OT1/cmr/m/n/10 so you \OT1/cmr/m/it/10 Alt
 []


Underfull \hbox (badness 10000) in paragraph at lines 45--46
\OT1/cmr/m/n/10 your me-dia
 []


Underfull \hbox (badness 2435) in paragraph at lines 45--46
\OT1/cmr/m/n/10 player, play
 []


Underfull \hbox (badness 2894) in paragraph at lines 45--46
\OT1/cmr/m/n/10 then \OT1/cmr/m/it/10 Alt +
 []


Underfull \hbox (badness 10000) in paragraph at lines 47--47
[]\OT1/cmr/m/n/10 Same as
 []


Underfull \hbox (badness 10000) in paragraph at lines 47--47
\OT1/cmr/m/it/10 Backspace\OT1/cmr/m/n/10 ,
 []


Underfull \hbox (badness 10000) in paragraph at lines 47--47
\OT1/cmr/m/n/10 but deletes
 []


Underfull \hbox (badness 6927) in paragraph at lines 47--47
\OT1/cmr/m/n/10 rather than
 []

! Missing $ inserted.
<inserted text> 
                $
l.47 ...d 'cell'. Rather than pressing \Rightarrow
                                                   four times and \emph{Back...

? 
! Missing $ inserted.
<inserted text> 
                $
l.48     \hline
               
? 

Underfull \hbox (badness 6284) in paragraph at lines 47--48
[]\OT1/cmr/m/n/10 While com-
 []


Underfull \hbox (badness 4634) in paragraph at lines 47--48
\OT1/cmr/m/n/10 pos-ing your
 []


Underfull \hbox (badness 5622) in paragraph at lines 47--48
\OT1/cmr/m/n/10 email, your
 []


Underfull \hbox (badness 10000) in paragraph at lines 47--48
\OT1/cmr/m/n/10 cur-sor is
 []


Underfull \hbox (badness 6332) in paragraph at lines 47--48
\OT1/cmr/m/n/10 to the left
 []


Underfull \hbox (badness 10000) in paragraph at lines 47--48
\OT1/cmr/m/n/10 of the 'c'
 []


Underfull \hbox (badness 10000) in paragraph at lines 47--48
\OT1/cmr/m/n/10 (in 'cell')
 []


Underfull \hbox (badness 1389) in paragraph at lines 47--48
\OT1/cmr/m/n/10 in "My cell
 []


Underfull \hbox (badness 2635) in paragraph at lines 47--48
\OT1/cmr/m/n/10 phone num-
 []


Underfull \hbox (badness 10000) in paragraph at lines 47--48
\OT1/cmr/m/n/10 re-move the
 []


Underfull \hbox (badness 10000) in paragraph at lines 47--48
\OT1/cmr/m/n/10 word 'cell'.
 []


Underfull \hbox (badness 10000) in paragraph at lines 47--48
\OT1/cmr/m/n/10 press-ing $\OMS/cmsy/m/n/10 )
 []


Overfull \hbox (313.50792pt too wide) in paragraph at lines 47--48
\OML/cmm/m/it/10 fourtimesand[]fourtimes; youjustpress[]fourtimestoremovethewor
d:[]|$ 
 []


Underfull \hbox (badness 10000) in paragraph at lines 49--49
[]\OT1/cmr/m/n/10 In most
 []


Underfull \hbox (badness 5288) in paragraph at lines 49--49
\OT1/cmr/m/n/10 cases, store
 []


Underfull \hbox (badness 1776) in paragraph at lines 49--49
\OT1/cmr/m/n/10 any changes
 []


Underfull \hbox (badness 10000) in paragraph at lines 49--49
\OT1/cmr/m/n/10 you have
 []


Underfull \hbox (badness 10000) in paragraph at lines 49--49
\OT1/cmr/m/n/10 made to
 []


Underfull \hbox (badness 10000) in paragraph at lines 49--49
\OT1/cmr/m/n/10 a given
 []


Underfull \hbox (badness 10000) in paragraph at lines 49--50
\OT1/cmr/m/n/10 work, you
 []


Underfull \hbox (badness 10000) in paragraph at lines 49--50
\OT1/cmr/m/n/10 of-ten want
 []


Underfull \hbox (badness 10000) in paragraph at lines 49--50
\OT1/cmr/m/n/10 progress
 []


Underfull \hbox (badness 10000) in paragraph at lines 49--50
\OT1/cmr/m/n/10 to make
 []


Underfull \hbox (badness 10000) in paragraph at lines 49--50
\OT1/cmr/m/n/10 sure you
 []


Underfull \hbox (badness 10000) in paragraph at lines 49--50
\OT1/cmr/m/n/10 don't lose
 []


Underfull \hbox (badness 10000) in paragraph at lines 49--50
\OT1/cmr/m/n/10 any work
 []


Underfull \hbox (badness 10000) in paragraph at lines 49--50
\OT1/cmr/m/n/10 How-ever,
 []


Underfull \hbox (badness 6204) in paragraph at lines 49--50
\OT1/cmr/m/n/10 tak-ing your
 []


Underfull \hbox (badness 10000) in paragraph at lines 49--50
\OT1/cmr/m/n/10 hands off
 []


Underfull \hbox (badness 1389) in paragraph at lines 49--50
\OT1/cmr/m/n/10 to click the
 []


Underfull \hbox (badness 5374) in paragraph at lines 49--50
\OT1/cmr/m/n/10 te-dious and
 []


Underfull \hbox (badness 10000) in paragraph at lines 49--50
\OT1/cmr/m/n/10 an-noy-ing.
 []


Underfull \hbox (badness 10000) in paragraph at lines 49--50
\OT1/cmr/m/n/10 The so-lu-
 []


Underfull \hbox (badness 3260) in paragraph at lines 49--50
\OT1/cmr/m/n/10 tion: press
 []


Underfull \hbox (badness 10000) in paragraph at lines 49--50
\OT1/cmr/m/it/10 Ctrl + S\OT1/cmr/m/n/10 .
 []


Underfull \hbox (badness 10000) in paragraph at lines 49--50
\OT1/cmr/m/n/10 Now you
 []


Underfull \hbox (badness 10000) in paragraph at lines 49--50
\OT1/cmr/m/n/10 don't have
 []


Underfull \hbox (badness 10000) in paragraph at lines 50--50
[]\OT1/cmr/m/n/10 In most
 []


Underfull \hbox (badness 10000) in paragraph at lines 50--50
\OT1/cmr/m/n/10 up some
 []


Underfull \hbox (badness 10000) in paragraph at lines 50--50
\OT1/cmr/m/it/10 File \OT1/cmr/m/n/10 di-a-log
 []


Underfull \hbox (badness 10000) in paragraph at lines 50--51
[]\OT1/cmr/m/n/10 As you
 []


Underfull \hbox (badness 10000) in paragraph at lines 50--51
\OT1/cmr/m/n/10 con-tinue
 []


Underfull \hbox (badness 10000) in paragraph at lines 50--51
\OT1/cmr/m/n/10 work-ing on
 []


Underfull \hbox (badness 1742) in paragraph at lines 50--51
\OT1/cmr/m/n/10 your re-port,
 []


Underfull \hbox (badness 10000) in paragraph at lines 50--51
\OT1/cmr/m/n/10 you re-al-ize
 []


Underfull \hbox (badness 10000) in paragraph at lines 50--51
\OT1/cmr/m/n/10 you want
 []


Underfull \hbox (badness 3386) in paragraph at lines 50--51
\OT1/cmr/m/n/10 to edit an-
 []


Underfull \hbox (badness 10000) in paragraph at lines 50--51
\OT1/cmr/m/n/10 other file.
 []


Underfull \hbox (badness 7099) in paragraph at lines 50--51
\OT1/cmr/m/n/10 click-ing the
 []


Underfull \hbox (badness 6047) in paragraph at lines 50--51
\OT1/cmr/m/n/10 ing your-self
 []

! Missing $ inserted.
<inserted text> 
                $
l.52 ...ift +} \Rightarrow or \emph{Shift + End}.}
                                                  
? 
! Extra }, or forgotten $.
\@preamble ...ignorespaces \@sharp \unskip \hfil }
                                                  \hskip \tabcolsep \hskip -...
l.52 ...ift +} \Rightarrow or \emph{Shift + End}.}
                                                  
? 
! Missing $ inserted.
<inserted text> 
                $
l.52 ...ift +} \Rightarrow or \emph{Shift + End}.}
                                                  
? 
! Missing } inserted.
<inserted text> 
                }
l.52 ...ift +} \Rightarrow or \emph{Shift + End}.}
                                                  
? 
! Misplaced \noalign.
\hline ->\noalign 
                  {\ifnum 0=`}\fi \hrule \@height \arrayrulewidth \futurelet...
l.53     \hline
               
? 
! You can't use `\hrule' here except with leaders.
\hline ->\noalign {\ifnum 0=`}\fi \hrule 
                                         \@height \arrayrulewidth \futurelet...
l.53     \hline
               
? 
! Missing number, treated as zero.
<to be read again> 
                   \futurelet 
l.53     \hline
               
? 
! Illegal unit of measure (pt inserted).
<to be read again> 
                   \futurelet 
l.53     \hline
               
? 

Overfull \hbox (196.14091pt too wide) in alignment at lines 23--54
[][][][]
 []


! LaTeX Error: \begin{tabular*} on input line 23 ended by \end{tabular}.

See the LaTeX manual or LaTeX Companion for explanation.
Type  H <return>  for immediate help.
 ...                                              
                                                  
l.54   \end{tabular}
                    
? 

Overfull \hbox (24.88582pt too wide) in paragraph at lines 21--56
[]
 []

[1

{/var/lib/texmf/fonts/map/pdftex/updmap/pdftex.map}]
Overfull \vbox (3145.39993pt too high) has occurred while \output is active []


[2] [3] (./handy_computer_shortcuts.aux) ) 
Here is how much of TeX's memory you used:
 224 strings out of 495061
 2764 string characters out of 1182622
 71054 words of memory out of 3000000
 3479 multiletter control sequences out of 15000+50000
 4294 words of font info for 16 fonts, out of 3000000 for 9000
 28 hyphenation exceptions out of 8191
 23i,11n,17p,758b,159s stack positions out of 5000i,500n,10000p,200000b,50000s
</usr/share/texmf-texlive/fonts/type1
/public/amsfonts/cm/cmbx10.pfb></usr/share/texmf-texlive/fonts/type1/public/ams
fonts/cm/cmmi10.pfb></usr/share/texmf-texlive/fonts/type1/public/amsfonts/cm/cm
r10.pfb></usr/share/texmf-texlive/fonts/type1/public/amsfonts/cm/cmsy10.pfb></u
sr/share/texmf-texlive/fonts/type1/public/amsfonts/cm/cmti10.pfb>
Output written on handy_computer_shortcuts.pdf (3 pages, 84141 bytes).
PDF statistics:
 32 PDF objects out of 1000 (max. 8388607)
 0 named destinations out of 1000 (max. 500000)
 1 words of extra memory for PDF output out of 10000 (max. 10000000)

